TN:
SF:C:\Users\AMAECHI\Documents\Andela\Auto Mart\AutoMart\Server\storage.js
FNF:0
FNH:0
DA:3,1
DA:6,1
DA:7,1
DA:55,1
DA:56,1
LF:5
LH:5
BRF:0
BRH:0
end_of_record
TN:
SF:C:\Users\AMAECHI\Documents\Andela\Auto Mart\AutoMart\Server\Routes\admin.js
FN:12,_interopRequireDefault
FNF:1
FNH:1
FNDA:2,_interopRequireDefault
DA:3,1
DA:6,1
DA:8,1
DA:10,1
DA:12,2
DA:14,1
DA:15,1
DA:16,1
DA:17,1
DA:18,1
LF:10
LH:10
BRDA:12,0,0,1
BRDA:12,0,1,1
BRDA:12,1,0,2
BRDA:12,1,1,2
BRF:4
BRH:4
end_of_record
TN:
SF:C:\Users\AMAECHI\Documents\Andela\Auto Mart\AutoMart\Server\Routes\users.js
FN:18,_interopRequireDefault
FNF:1
FNH:1
FNDA:5,_interopRequireDefault
DA:3,1
DA:6,1
DA:8,1
DA:10,1
DA:12,1
DA:14,1
DA:16,1
DA:18,5
DA:20,1
DA:21,1
DA:22,1
DA:23,1
DA:24,1
DA:25,1
DA:26,1
DA:27,1
DA:28,1
DA:29,1
DA:30,1
DA:37,1
DA:38,1
DA:39,1
LF:22
LH:22
BRDA:18,0,0,4
BRDA:18,0,1,1
BRDA:18,1,0,5
BRDA:18,1,1,5
BRF:4
BRH:4
end_of_record
TN:
SF:C:\Users\AMAECHI\Documents\Andela\Auto Mart\AutoMart\Server\controllers\adverts.js
FN:10,_interopRequireDefault
FN:12,_classCallCheck
FN:14,Error
FN:21,Success
FN:29,createNewAdvert
FN:41,updateAdvertStatus
FN:47,(anonymous_6)
FN:61,updateAdvertPrice
FN:67,(anonymous_8)
FN:81,getSpecificAdvert
FN:87,(anonymous_10)
FN:97,getAllAdverts
FN:101,getFilteredAdverts
FN:105,(anonymous_13)
FN:111,(anonymous_14)
FN:117,(anonymous_15)
FN:123,(anonymous_16)
FN:130,(anonymous_17)
FN:138,(anonymous_18)
FN:145,getAllUserAdverts
FN:146,(anonymous_20)
FN:152,deleteAdvert
FN:153,(anonymous_22)
FNF:23
FNH:17
FNDA:1,_interopRequireDefault
FNDA:1,_classCallCheck
FNDA:0,Error
FNDA:1,Success
FNDA:1,createNewAdvert
FNDA:1,updateAdvertStatus
FNDA:1,(anonymous_6)
FNDA:1,updateAdvertPrice
FNDA:1,(anonymous_8)
FNDA:1,getSpecificAdvert
FNDA:1,(anonymous_10)
FNDA:1,getAllAdverts
FNDA:1,getFilteredAdverts
FNDA:2,(anonymous_13)
FNDA:0,(anonymous_14)
FNDA:0,(anonymous_15)
FNDA:0,(anonymous_16)
FNDA:0,(anonymous_17)
FNDA:0,(anonymous_18)
FNDA:1,getAllUserAdverts
FNDA:2,(anonymous_20)
FNDA:1,deleteAdvert
FNDA:2,(anonymous_22)
DA:3,1
DA:6,1
DA:8,1
DA:10,1
DA:12,1
DA:14,1
DA:15,0
DA:17,0
DA:18,0
DA:21,1
DA:22,1
DA:24,1
DA:25,1
DA:28,1
DA:30,1
DA:37,1
DA:39,1
DA:42,1
DA:47,1
DA:48,1
DA:51,1
DA:52,1
DA:53,1
DA:55,0
DA:56,0
DA:59,1
DA:62,1
DA:67,1
DA:68,1
DA:71,1
DA:72,1
DA:73,1
DA:75,0
DA:76,0
DA:79,1
DA:82,1
DA:87,1
DA:88,1
DA:91,1
DA:92,0
DA:93,0
DA:95,1
DA:98,1
DA:99,1
DA:102,1
DA:104,1
DA:105,1
DA:106,2
DA:110,1
DA:111,0
DA:112,0
DA:116,1
DA:117,0
DA:118,0
DA:122,1
DA:123,0
DA:124,0
DA:128,1
DA:129,0
DA:130,0
DA:131,0
DA:135,1
DA:136,0
DA:138,0
DA:139,0
DA:143,1
DA:146,1
DA:147,2
DA:150,1
DA:153,1
DA:154,2
DA:157,1
DA:158,1
DA:160,1
DA:162,0
DA:166,1
DA:167,1
LF:77
LH:55
BRDA:10,0,0,1
BRDA:10,0,1,0
BRDA:10,1,0,1
BRDA:10,1,1,1
BRDA:12,2,0,0
BRDA:12,2,1,1
BRDA:51,3,0,1
BRDA:51,3,1,0
BRDA:71,4,0,1
BRDA:71,4,1,0
BRDA:91,5,0,1
BRDA:91,5,1,0
BRDA:99,6,0,1
BRDA:99,6,1,0
BRDA:104,7,0,1
BRDA:104,7,1,0
BRDA:110,8,0,0
BRDA:110,8,1,1
BRDA:116,9,0,0
BRDA:116,9,1,1
BRDA:122,10,0,0
BRDA:122,10,1,1
BRDA:128,11,0,0
BRDA:128,11,1,1
BRDA:135,12,0,0
BRDA:135,12,1,1
BRDA:150,13,0,1
BRDA:150,13,1,0
BRDA:157,14,0,1
BRDA:157,14,1,0
BRF:30
BRH:16
end_of_record
TN:
SF:C:\Users\AMAECHI\Documents\Andela\Auto Mart\AutoMart\Server\controllers\flags.js
FN:10,_interopRequireDefault
FN:13,createNewFlag
FNF:2
FNH:2
FNDA:1,_interopRequireDefault
FNDA:1,createNewFlag
DA:3,1
DA:6,1
DA:8,1
DA:10,1
DA:12,1
DA:14,1
DA:21,1
DA:23,1
DA:26,1
DA:27,1
LF:10
LH:10
BRDA:10,0,0,1
BRDA:10,0,1,0
BRDA:10,1,0,1
BRDA:10,1,1,1
BRF:4
BRH:3
end_of_record
TN:
SF:C:\Users\AMAECHI\Documents\Andela\Auto Mart\AutoMart\Server\controllers\members.js
FN:10,_interopRequireDefault
FN:12,_classCallCheck
FN:14,Error
FN:22,createUserAccount
FN:30,(anonymous_4)
FN:45,logInUser
FN:53,(anonymous_6)
FNF:7
FNH:5
FNDA:1,_interopRequireDefault
FNDA:0,_classCallCheck
FNDA:0,Error
FNDA:1,createUserAccount
FNDA:1,(anonymous_4)
FNDA:1,logInUser
FNDA:1,(anonymous_6)
DA:3,1
DA:6,1
DA:8,1
DA:10,1
DA:12,0
DA:14,1
DA:15,0
DA:17,0
DA:18,0
DA:21,1
DA:23,1
DA:30,1
DA:31,1
DA:34,1
DA:35,0
DA:36,0
DA:38,1
DA:40,1
DA:43,1
DA:46,1
DA:53,1
DA:54,1
DA:57,1
DA:58,1
DA:59,0
DA:60,0
DA:63,0
DA:64,0
DA:67,1
DA:70,1
DA:71,1
LF:31
LH:21
BRDA:10,0,0,1
BRDA:10,0,1,0
BRDA:10,1,0,1
BRDA:10,1,1,1
BRDA:12,2,0,0
BRDA:12,2,1,0
BRDA:34,3,0,0
BRDA:34,3,1,1
BRDA:57,4,0,1
BRDA:57,4,1,0
BRDA:58,5,0,1
BRDA:58,5,1,0
BRF:12
BRH:6
end_of_record
TN:
SF:C:\Users\AMAECHI\Documents\Andela\Auto Mart\AutoMart\Server\controllers\orders.js
FN:10,_interopRequireDefault
FN:12,_classCallCheck
FN:14,Error
FN:22,createNewOrder
FN:34,updateOrderPrice
FN:42,(anonymous_5)
FNF:6
FNH:4
FNDA:1,_interopRequireDefault
FNDA:0,_classCallCheck
FNDA:0,Error
FNDA:1,createNewOrder
FNDA:1,updateOrderPrice
FNDA:1,(anonymous_5)
DA:3,1
DA:6,1
DA:8,1
DA:10,1
DA:12,0
DA:14,1
DA:15,0
DA:17,0
DA:18,0
DA:21,1
DA:23,1
DA:30,1
DA:32,1
DA:35,1
DA:42,1
DA:43,1
DA:46,1
DA:47,1
DA:48,1
DA:49,1
DA:50,1
DA:51,1
DA:53,0
DA:54,0
DA:57,0
DA:58,0
DA:61,1
DA:64,1
DA:65,1
LF:29
LH:21
BRDA:10,0,0,1
BRDA:10,0,1,0
BRDA:10,1,0,1
BRDA:10,1,1,1
BRDA:12,2,0,0
BRDA:12,2,1,0
BRDA:46,3,0,1
BRDA:46,3,1,0
BRDA:47,4,0,1
BRDA:47,4,1,0
BRF:10
BRH:5
end_of_record
TN:
SF:C:\Users\AMAECHI\Documents\Andela\Auto Mart\AutoMart\Server\src\server.js
FN:18,_interopRequireDefault
FN:24,(anonymous_1)
FN:27,(anonymous_2)
FN:39,(anonymous_3)
FNF:4
FNH:3
FNDA:5,_interopRequireDefault
FNDA:0,(anonymous_1)
FNDA:14,(anonymous_2)
FNDA:1,(anonymous_3)
DA:3,1
DA:6,1
DA:8,1
DA:10,1
DA:12,1
DA:14,1
DA:16,1
DA:18,5
DA:20,1
DA:21,1
DA:22,1
DA:23,1
DA:24,1
DA:25,0
DA:27,1
DA:28,14
DA:30,14
DA:31,12
DA:32,2
DA:33,2
DA:35,0
DA:38,1
DA:39,1
DA:40,1
DA:42,1
DA:43,1
LF:26
LH:24
BRDA:18,0,0,2
BRDA:18,0,1,3
BRDA:18,1,0,5
BRDA:18,1,1,5
BRDA:30,2,0,12
BRDA:30,2,1,2
BRDA:32,3,0,2
BRDA:32,3,1,0
BRDA:38,4,0,1
BRDA:38,4,1,1
BRF:10
BRH:9
end_of_record
TN:
SF:C:\Users\AMAECHI\Documents\Andela\Auto Mart\AutoMart\spec\advert.spec.js
FN:9,_interopRequireDefault
FN:13,start
FN:18,(anonymous_2)
FN:26,(anonymous_3)
FN:27,(anonymous_4)
FN:33,(anonymous_5)
FN:36,(anonymous_6)
FN:37,(anonymous_7)
FN:42,(anonymous_8)
FN:50,(anonymous_9)
FN:51,(anonymous_10)
FN:57,(anonymous_11)
FN:61,(anonymous_12)
FN:69,(anonymous_13)
FN:70,(anonymous_14)
FN:76,(anonymous_15)
FN:79,(anonymous_16)
FN:83,(anonymous_17)
FN:91,(anonymous_18)
FN:92,(anonymous_19)
FN:98,(anonymous_20)
FN:101,(anonymous_21)
FN:102,(anonymous_22)
FN:107,(anonymous_23)
FN:115,(anonymous_24)
FN:116,(anonymous_25)
FN:122,(anonymous_26)
FN:125,(anonymous_27)
FN:126,(anonymous_28)
FN:131,(anonymous_29)
FN:152,(anonymous_30)
FN:153,(anonymous_31)
FN:159,(anonymous_32)
FN:162,(anonymous_33)
FN:176,(anonymous_34)
FN:189,(anonymous_35)
FN:190,(anonymous_36)
FN:196,(anonymous_37)
FN:199,(anonymous_38)
FN:203,(anonymous_39)
FN:216,(anonymous_40)
FN:217,(anonymous_41)
FN:223,(anonymous_42)
FN:226,(anonymous_43)
FN:230,(anonymous_44)
FN:238,(anonymous_45)
FN:239,(anonymous_46)
FN:245,(anonymous_47)
FN:248,(anonymous_48)
FNF:49
FNH:49
FNDA:3,_interopRequireDefault
FNDA:1,start
FNDA:1,(anonymous_2)
FNDA:1,(anonymous_3)
FNDA:1,(anonymous_4)
FNDA:1,(anonymous_5)
FNDA:1,(anonymous_6)
FNDA:1,(anonymous_7)
FNDA:1,(anonymous_8)
FNDA:1,(anonymous_9)
FNDA:1,(anonymous_10)
FNDA:1,(anonymous_11)
FNDA:1,(anonymous_12)
FNDA:1,(anonymous_13)
FNDA:1,(anonymous_14)
FNDA:1,(anonymous_15)
FNDA:1,(anonymous_16)
FNDA:1,(anonymous_17)
FNDA:1,(anonymous_18)
FNDA:1,(anonymous_19)
FNDA:1,(anonymous_20)
FNDA:1,(anonymous_21)
FNDA:1,(anonymous_22)
FNDA:1,(anonymous_23)
FNDA:1,(anonymous_24)
FNDA:1,(anonymous_25)
FNDA:1,(anonymous_26)
FNDA:1,(anonymous_27)
FNDA:2,(anonymous_28)
FNDA:1,(anonymous_29)
FNDA:1,(anonymous_30)
FNDA:1,(anonymous_31)
FNDA:1,(anonymous_32)
FNDA:1,(anonymous_33)
FNDA:1,(anonymous_34)
FNDA:1,(anonymous_35)
FNDA:1,(anonymous_36)
FNDA:1,(anonymous_37)
FNDA:1,(anonymous_38)
FNDA:1,(anonymous_39)
FNDA:1,(anonymous_40)
FNDA:1,(anonymous_41)
FNDA:1,(anonymous_42)
FNDA:1,(anonymous_43)
FNDA:1,(anonymous_44)
FNDA:1,(anonymous_45)
FNDA:1,(anonymous_46)
FNDA:1,(anonymous_47)
FNDA:1,(anonymous_48)
DA:3,1
DA:5,1
DA:7,1
DA:9,3
DA:13,1
DA:14,1
DA:17,1
DA:18,1
DA:19,1
DA:20,1
DA:26,1
DA:27,1
DA:28,1
DA:29,1
DA:30,1
DA:33,1
DA:34,1
DA:36,1
DA:37,1
DA:38,1
DA:42,1
DA:43,1
DA:44,1
DA:50,1
DA:51,1
DA:52,1
DA:53,1
DA:54,1
DA:57,1
DA:58,1
DA:61,1
DA:62,1
DA:63,1
DA:69,1
DA:70,1
DA:71,1
DA:72,1
DA:73,1
DA:76,1
DA:77,1
DA:79,1
DA:80,1
DA:83,1
DA:84,1
DA:85,1
DA:91,1
DA:92,1
DA:93,1
DA:94,1
DA:95,1
DA:98,1
DA:99,1
DA:101,1
DA:102,1
DA:103,1
DA:107,1
DA:108,1
DA:109,1
DA:115,1
DA:116,1
DA:117,1
DA:118,1
DA:119,1
DA:122,1
DA:123,1
DA:125,1
DA:126,1
DA:127,2
DA:131,1
DA:132,1
DA:133,1
DA:152,1
DA:153,1
DA:154,1
DA:155,1
DA:156,1
DA:159,1
DA:160,1
DA:162,1
DA:163,1
DA:176,1
DA:177,1
DA:178,1
DA:189,1
DA:190,1
DA:191,1
DA:192,1
DA:193,1
DA:196,1
DA:197,1
DA:199,1
DA:200,1
DA:203,1
DA:204,1
DA:205,1
DA:216,1
DA:217,1
DA:218,1
DA:219,1
DA:220,1
DA:223,1
DA:224,1
DA:226,1
DA:227,1
DA:230,1
DA:231,1
DA:232,1
DA:238,1
DA:239,1
DA:240,1
DA:241,1
DA:242,1
DA:245,1
DA:246,1
DA:248,1
DA:249,1
LF:116
LH:116
BRDA:9,0,0,2
BRDA:9,0,1,1
BRDA:9,1,0,3
BRDA:9,1,1,3
BRF:4
BRH:4
end_of_record
TN:
SF:C:\Users\AMAECHI\Documents\Andela\Auto Mart\AutoMart\spec\flag.spec.js
FN:7,_interopRequireDefault
FN:11,start
FN:16,(anonymous_2)
FN:33,(anonymous_3)
FN:34,(anonymous_4)
FN:40,(anonymous_5)
FN:43,(anonymous_6)
FNF:7
FNH:7
FNDA:2,_interopRequireDefault
FNDA:1,start
FNDA:1,(anonymous_2)
FNDA:1,(anonymous_3)
FNDA:1,(anonymous_4)
FNDA:1,(anonymous_5)
FNDA:1,(anonymous_6)
DA:3,1
DA:5,1
DA:7,2
DA:11,1
DA:12,1
DA:15,1
DA:16,1
DA:17,1
DA:18,1
DA:33,1
DA:34,1
DA:35,1
DA:36,1
DA:37,1
DA:40,1
DA:41,1
DA:43,1
DA:44,1
LF:18
LH:18
BRDA:7,0,0,1
BRDA:7,0,1,1
BRDA:7,1,0,2
BRDA:7,1,1,2
BRF:4
BRH:4
end_of_record
TN:
SF:C:\Users\AMAECHI\Documents\Andela\Auto Mart\AutoMart\spec\members.spec.js
FN:7,_interopRequireDefault
FN:11,start
FN:16,(anonymous_2)
FN:36,(anonymous_3)
FN:37,(anonymous_4)
FN:43,(anonymous_5)
FN:46,(anonymous_6)
FN:59,(anonymous_7)
FN:73,(anonymous_8)
FN:74,(anonymous_9)
FN:80,(anonymous_10)
FN:83,(anonymous_11)
FNF:12
FNH:12
FNDA:2,_interopRequireDefault
FNDA:1,start
FNDA:1,(anonymous_2)
FNDA:1,(anonymous_3)
FNDA:1,(anonymous_4)
FNDA:1,(anonymous_5)
FNDA:1,(anonymous_6)
FNDA:1,(anonymous_7)
FNDA:1,(anonymous_8)
FNDA:1,(anonymous_9)
FNDA:1,(anonymous_10)
FNDA:1,(anonymous_11)
DA:3,1
DA:5,1
DA:7,2
DA:11,1
DA:12,1
DA:15,1
DA:16,1
DA:17,1
DA:18,1
DA:36,1
DA:37,1
DA:38,1
DA:39,1
DA:40,1
DA:43,1
DA:44,1
DA:46,1
DA:47,1
DA:59,1
DA:60,1
DA:61,1
DA:73,1
DA:74,1
DA:75,1
DA:76,1
DA:77,1
DA:80,1
DA:81,1
DA:83,1
DA:84,1
LF:30
LH:30
BRDA:7,0,0,1
BRDA:7,0,1,1
BRDA:7,1,0,2
BRDA:7,1,1,2
BRF:4
BRH:4
end_of_record
TN:
SF:C:\Users\AMAECHI\Documents\Andela\Auto Mart\AutoMart\spec\order.spec.js
FN:7,_interopRequireDefault
FN:11,start
FN:16,(anonymous_2)
FN:35,(anonymous_3)
FN:36,(anonymous_4)
FN:42,(anonymous_5)
FN:45,(anonymous_6)
FN:57,(anonymous_7)
FN:70,(anonymous_8)
FN:71,(anonymous_9)
FN:77,(anonymous_10)
FN:80,(anonymous_11)
FNF:12
FNH:12
FNDA:2,_interopRequireDefault
FNDA:1,start
FNDA:1,(anonymous_2)
FNDA:1,(anonymous_3)
FNDA:1,(anonymous_4)
FNDA:1,(anonymous_5)
FNDA:1,(anonymous_6)
FNDA:1,(anonymous_7)
FNDA:1,(anonymous_8)
FNDA:1,(anonymous_9)
FNDA:1,(anonymous_10)
FNDA:1,(anonymous_11)
DA:3,1
DA:5,1
DA:7,2
DA:11,1
DA:12,1
DA:15,1
DA:16,1
DA:17,1
DA:18,1
DA:35,1
DA:36,1
DA:37,1
DA:38,1
DA:39,1
DA:42,1
DA:43,1
DA:45,1
DA:46,1
DA:57,1
DA:58,1
DA:59,1
DA:70,1
DA:71,1
DA:72,1
DA:73,1
DA:74,1
DA:77,1
DA:78,1
DA:80,1
DA:81,1
LF:30
LH:30
BRDA:7,0,0,1
BRDA:7,0,1,1
BRDA:7,1,0,2
BRDA:7,1,1,2
BRF:4
BRH:4
end_of_record
